<?xml version="1.0" encoding="UTF-8"?>
<testng-results ignored="0" total="1" passed="1" failed="0" skipped="0">
  <reporter-output>
  </reporter-output>
  <suite started-at="2022-12-16T23:18:53 IST" name="Default suite" finished-at="2022-12-16T23:22:25 IST" duration-ms="212424">
    <groups>
    </groups>
    <test started-at="2022-12-16T23:18:53 IST" name="Default test" finished-at="2022-12-16T23:22:25 IST" duration-ms="212424">
      <class name="Banjararideapk.Banjararide">
        <test-method is-config="true" signature="reportSetup()[pri:0, instance:Banjararideapk.Banjararide@3cebbb30]" started-at="2022-12-16T23:18:53 IST" name="reportSetup" finished-at="2022-12-16T23:18:53 IST" duration-ms="417" status="PASS">
          <reporter-output>
          </reporter-output>
        </test-method> <!-- reportSetup -->
        <test-method is-config="true" signature="BT()[pri:0, instance:Banjararideapk.Banjararide@3cebbb30]" started-at="2022-12-16T23:18:53 IST" name="BT" finished-at="2022-12-16T23:19:18 IST" duration-ms="25276" status="PASS">
          <reporter-output>
          </reporter-output>
        </test-method> <!-- BT -->
        <test-method signature="launchbanjararide()[pri:0, instance:Banjararideapk.Banjararide@3cebbb30]" started-at="2022-12-16T23:19:18 IST" name="launchbanjararide" finished-at="2022-12-16T23:22:25 IST" duration-ms="187067" status="PASS">
          <reporter-output>
          </reporter-output>
        </test-method> <!-- launchbanjararide -->
        <test-method is-config="true" signature="reportTeardown()[pri:0, instance:Banjararideapk.Banjararide@3cebbb30]" started-at="2022-12-16T23:22:25 IST" name="reportTeardown" finished-at="2022-12-16T23:22:26 IST" duration-ms="669" status="PASS">
          <reporter-output>
          </reporter-output>
        </test-method> <!-- reportTeardown -->
      </class> <!-- Banjararideapk.Banjararide -->
    </test> <!-- Default test -->
  </suite> <!-- Default suite -->
</testng-results>
